[2022-11-28 14:19:17.936] [jointLog] [info] setting maxHashResizeThreads to 20
[2022-11-28 14:19:17.936] [jointLog] [info] Fragment incompatibility prior below threshold.  Incompatible fragments will be ignored.
[2022-11-28 14:19:17.936] [jointLog] [info] Usage of --validateMappings implies use of minScoreFraction. Since not explicitly specified, it is being set to 0.65
[2022-11-28 14:19:17.936] [jointLog] [info] Setting consensusSlack to selective-alignment default of 0.35.
[2022-11-28 14:19:17.936] [jointLog] [info] parsing read library format
[2022-11-28 14:19:17.936] [jointLog] [info] There is 1 library.
[2022-11-28 14:19:17.936] [jointLog] [info] Loading pufferfish index
[2022-11-28 14:19:17.936] [jointLog] [info] Loading dense pufferfish index.
[2022-11-28 14:19:18.842] [jointLog] [info] done
[2022-11-28 14:19:18.943] [jointLog] [info] Index contained 147,828 targets
[2022-11-28 14:19:19.036] [jointLog] [info] Number of decoys : 0
[2022-11-28 14:19:19.551] [jointLog] [info] Automatically detected most likely library type as U

[2022-11-28 14:19:50.925] [jointLog] [info] Computed 405,944 rich equivalence classes for further processing
[2022-11-28 14:19:50.925] [jointLog] [info] Counted 19,836,070 total reads in the equivalence classes 
[2022-11-28 14:19:50.939] [jointLog] [info] Number of mappings discarded because of alignment score : 16,940,145
[2022-11-28 14:19:50.939] [jointLog] [info] Number of fragments entirely discarded because of alignment score : 427,548
[2022-11-28 14:19:50.939] [jointLog] [info] Number of fragments discarded because they are best-mapped to decoys : 0
[2022-11-28 14:19:50.939] [jointLog] [info] Number of fragments discarded because they have only dovetail (discordant) mappings to valid targets : 0
[2022-11-28 14:19:50.939] [jointLog] [info] Mapping rate = 86.4269%

[2022-11-28 14:19:50.939] [jointLog] [info] finished quantifyLibrary()
[2022-11-28 14:19:50.939] [jointLog] [info] Starting optimizer
[2022-11-28 14:19:51.068] [jointLog] [info] Marked 0 weighted equivalence classes as degenerate
[2022-11-28 14:19:51.088] [jointLog] [info] iteration = 0 | max rel diff. = 8084.87
[2022-11-28 14:19:50.925] [fileLog] [info] 
At end of round 0
==================
Observed 22951261 total fragments (22951261 in most recent round)

[2022-11-28 14:19:52.281] [jointLog] [info] iteration = 100 | max rel diff. = 18.4578
[2022-11-28 14:19:53.667] [jointLog] [info] iteration = 200 | max rel diff. = 11.3605
[2022-11-28 14:19:55.021] [jointLog] [info] iteration = 300 | max rel diff. = 4.41362
[2022-11-28 14:19:56.438] [jointLog] [info] iteration = 400 | max rel diff. = 2.23653
[2022-11-28 14:19:57.715] [jointLog] [info] iteration = 500 | max rel diff. = 0.649378
[2022-11-28 14:19:58.947] [jointLog] [info] iteration = 600 | max rel diff. = 2.00529
[2022-11-28 14:20:00.115] [jointLog] [info] iteration = 700 | max rel diff. = 2.25216
[2022-11-28 14:20:01.469] [jointLog] [info] iteration = 800 | max rel diff. = 0.134523
[2022-11-28 14:20:02.893] [jointLog] [info] iteration = 900 | max rel diff. = 0.117007
[2022-11-28 14:20:04.409] [jointLog] [info] iteration = 1,000 | max rel diff. = 0.107448
[2022-11-28 14:20:05.820] [jointLog] [info] iteration = 1,100 | max rel diff. = 0.094361
[2022-11-28 14:20:07.145] [jointLog] [info] iteration = 1,200 | max rel diff. = 0.0941352
[2022-11-28 14:20:08.361] [jointLog] [info] iteration = 1,300 | max rel diff. = 0.0507082
[2022-11-28 14:20:09.677] [jointLog] [info] iteration = 1,400 | max rel diff. = 0.0242091
[2022-11-28 14:20:11.115] [jointLog] [info] iteration = 1,500 | max rel diff. = 0.0851995
[2022-11-28 14:20:12.519] [jointLog] [info] iteration = 1,600 | max rel diff. = 0.382084
[2022-11-28 14:20:13.900] [jointLog] [info] iteration = 1,700 | max rel diff. = 0.075917
[2022-11-28 14:20:15.031] [jointLog] [info] iteration = 1,790 | max rel diff. = 0.00756061
[2022-11-28 14:20:15.053] [jointLog] [info] Finished optimizer
[2022-11-28 14:20:15.053] [jointLog] [info] writing output 

