[2022-11-28 16:10:39.956] [jointLog] [info] setting maxHashResizeThreads to 20
[2022-11-28 16:10:39.956] [jointLog] [info] Fragment incompatibility prior below threshold.  Incompatible fragments will be ignored.
[2022-11-28 16:10:39.956] [jointLog] [info] Usage of --validateMappings implies use of minScoreFraction. Since not explicitly specified, it is being set to 0.65
[2022-11-28 16:10:39.956] [jointLog] [info] Setting consensusSlack to selective-alignment default of 0.35.
[2022-11-28 16:10:39.956] [jointLog] [info] parsing read library format
[2022-11-28 16:10:39.956] [jointLog] [info] There is 1 library.
[2022-11-28 16:10:39.956] [jointLog] [info] Loading pufferfish index
[2022-11-28 16:10:39.956] [jointLog] [info] Loading dense pufferfish index.
[2022-11-28 16:10:41.726] [jointLog] [info] done
[2022-11-28 16:10:41.856] [jointLog] [info] Index contained 147,828 targets
[2022-11-28 16:10:41.943] [jointLog] [info] Number of decoys : 0
[2022-11-28 16:10:42.438] [jointLog] [info] Automatically detected most likely library type as U

[2022-11-28 16:11:41.633] [fileLog] [info] 
At end of round 0
==================
Observed 29763084 total fragments (29763084 in most recent round)

[2022-11-28 16:11:41.632] [jointLog] [info] Computed 439,430 rich equivalence classes for further processing
[2022-11-28 16:11:41.632] [jointLog] [info] Counted 26,179,175 total reads in the equivalence classes 
[2022-11-28 16:11:41.660] [jointLog] [info] Number of mappings discarded because of alignment score : 19,902,925
[2022-11-28 16:11:41.660] [jointLog] [info] Number of fragments entirely discarded because of alignment score : 657,735
[2022-11-28 16:11:41.660] [jointLog] [info] Number of fragments discarded because they are best-mapped to decoys : 0
[2022-11-28 16:11:41.660] [jointLog] [info] Number of fragments discarded because they have only dovetail (discordant) mappings to valid targets : 0
[2022-11-28 16:11:41.660] [jointLog] [info] Mapping rate = 87.9585%

[2022-11-28 16:11:41.660] [jointLog] [info] finished quantifyLibrary()
[2022-11-28 16:11:41.660] [jointLog] [info] Starting optimizer
[2022-11-28 16:11:41.891] [jointLog] [info] Marked 0 weighted equivalence classes as degenerate
[2022-11-28 16:11:41.919] [jointLog] [info] iteration = 0 | max rel diff. = 8421.03
[2022-11-28 16:11:45.206] [jointLog] [info] iteration = 100 | max rel diff. = 19.0672
[2022-11-28 16:11:48.398] [jointLog] [info] iteration = 200 | max rel diff. = 1.19332
[2022-11-28 16:11:51.632] [jointLog] [info] iteration = 300 | max rel diff. = 12.5383
[2022-11-28 16:11:54.849] [jointLog] [info] iteration = 400 | max rel diff. = 3.6817
[2022-11-28 16:11:58.143] [jointLog] [info] iteration = 500 | max rel diff. = 1.1095
[2022-11-28 16:12:01.551] [jointLog] [info] iteration = 600 | max rel diff. = 2.90608
[2022-11-28 16:12:04.839] [jointLog] [info] iteration = 700 | max rel diff. = 0.10674
[2022-11-28 16:12:08.184] [jointLog] [info] iteration = 800 | max rel diff. = 0.308536
[2022-11-28 16:12:11.581] [jointLog] [info] iteration = 900 | max rel diff. = 0.0777187
[2022-11-28 16:12:14.828] [jointLog] [info] iteration = 1,000 | max rel diff. = 0.0611141
[2022-11-28 16:12:17.876] [jointLog] [info] iteration = 1,100 | max rel diff. = 0.0253388
[2022-11-28 16:12:21.038] [jointLog] [info] iteration = 1,200 | max rel diff. = 0.178972
[2022-11-28 16:12:24.194] [jointLog] [info] iteration = 1,300 | max rel diff. = 0.0571978
[2022-11-28 16:12:27.444] [jointLog] [info] iteration = 1,400 | max rel diff. = 0.178966
[2022-11-28 16:12:30.538] [jointLog] [info] iteration = 1,500 | max rel diff. = 0.0459071
[2022-11-28 16:12:32.771] [jointLog] [info] iteration = 1,571 | max rel diff. = 0.00663366
[2022-11-28 16:12:32.809] [jointLog] [info] Finished optimizer
[2022-11-28 16:12:32.809] [jointLog] [info] writing output 

