[2022-11-28 16:17:40.277] [jointLog] [info] setting maxHashResizeThreads to 20
[2022-11-28 16:17:40.277] [jointLog] [info] Fragment incompatibility prior below threshold.  Incompatible fragments will be ignored.
[2022-11-28 16:17:40.277] [jointLog] [info] Usage of --validateMappings implies use of minScoreFraction. Since not explicitly specified, it is being set to 0.65
[2022-11-28 16:17:40.277] [jointLog] [info] Setting consensusSlack to selective-alignment default of 0.35.
[2022-11-28 16:17:40.277] [jointLog] [info] parsing read library format
[2022-11-28 16:17:40.277] [jointLog] [info] There is 1 library.
[2022-11-28 16:17:40.277] [jointLog] [info] Loading pufferfish index
[2022-11-28 16:17:40.277] [jointLog] [info] Loading dense pufferfish index.
[2022-11-28 16:17:41.947] [jointLog] [info] done
[2022-11-28 16:17:42.062] [jointLog] [info] Index contained 147,828 targets
[2022-11-28 16:17:42.135] [jointLog] [info] Number of decoys : 0
[2022-11-28 16:17:42.678] [jointLog] [info] Automatically detected most likely library type as U

[2022-11-28 16:18:37.132] [fileLog] [info] 
At end of round 0
==================
Observed 26678483 total fragments (26678483 in most recent round)

[2022-11-28 16:18:37.132] [jointLog] [info] Computed 428,309 rich equivalence classes for further processing
[2022-11-28 16:18:37.132] [jointLog] [info] Counted 22,490,667 total reads in the equivalence classes 
[2022-11-28 16:18:37.171] [jointLog] [info] Number of mappings discarded because of alignment score : 22,351,527
[2022-11-28 16:18:37.171] [jointLog] [info] Number of fragments entirely discarded because of alignment score : 669,574
[2022-11-28 16:18:37.171] [jointLog] [info] Number of fragments discarded because they are best-mapped to decoys : 0
[2022-11-28 16:18:37.171] [jointLog] [info] Number of fragments discarded because they have only dovetail (discordant) mappings to valid targets : 0
[2022-11-28 16:18:37.171] [jointLog] [info] Mapping rate = 84.3026%

[2022-11-28 16:18:37.171] [jointLog] [info] finished quantifyLibrary()
[2022-11-28 16:18:37.171] [jointLog] [info] Starting optimizer
[2022-11-28 16:18:37.411] [jointLog] [info] Marked 0 weighted equivalence classes as degenerate
[2022-11-28 16:18:37.439] [jointLog] [info] iteration = 0 | max rel diff. = 8366.36
[2022-11-28 16:18:40.750] [jointLog] [info] iteration = 100 | max rel diff. = 14.799
[2022-11-28 16:18:44.064] [jointLog] [info] iteration = 200 | max rel diff. = 6.82965
[2022-11-28 16:18:47.283] [jointLog] [info] iteration = 300 | max rel diff. = 8.82762
[2022-11-28 16:18:50.499] [jointLog] [info] iteration = 400 | max rel diff. = 5.4991
[2022-11-28 16:18:53.588] [jointLog] [info] iteration = 500 | max rel diff. = 20.7944
[2022-11-28 16:18:56.761] [jointLog] [info] iteration = 600 | max rel diff. = 0.434459
[2022-11-28 16:18:59.965] [jointLog] [info] iteration = 700 | max rel diff. = 0.892853
[2022-11-28 16:19:03.133] [jointLog] [info] iteration = 800 | max rel diff. = 0.387209
[2022-11-28 16:19:06.128] [jointLog] [info] iteration = 900 | max rel diff. = 0.25245
[2022-11-28 16:19:09.310] [jointLog] [info] iteration = 1,000 | max rel diff. = 0.0793135
[2022-11-28 16:19:12.578] [jointLog] [info] iteration = 1,100 | max rel diff. = 0.0523625
[2022-11-28 16:19:15.862] [jointLog] [info] iteration = 1,200 | max rel diff. = 7.22743
[2022-11-28 16:19:19.232] [jointLog] [info] iteration = 1,300 | max rel diff. = 0.09605
[2022-11-28 16:19:22.472] [jointLog] [info] iteration = 1,400 | max rel diff. = 0.0963118
[2022-11-28 16:19:25.600] [jointLog] [info] iteration = 1,500 | max rel diff. = 0.0361597
[2022-11-28 16:19:28.898] [jointLog] [info] iteration = 1,600 | max rel diff. = 0.0536483
[2022-11-28 16:19:31.954] [jointLog] [info] iteration = 1,700 | max rel diff. = 0.0876353
[2022-11-28 16:19:35.237] [jointLog] [info] iteration = 1,800 | max rel diff. = 0.0194407
[2022-11-28 16:19:38.306] [jointLog] [info] iteration = 1,895 | max rel diff. = 0.0085641
[2022-11-28 16:19:38.331] [jointLog] [info] Finished optimizer
[2022-11-28 16:19:38.331] [jointLog] [info] writing output 

